
> next-test@0.1.0 start /home/blanc/ReviewSearchVenv/src/whiskey/frontend
> next start

ready - started server on 0.0.0.0:3000, url: http://localhost:3000
Error: Could not find a production build in the '/home/blanc/ReviewSearchVenv/src/whiskey/frontend/.next' directory. Try building your app with 'next build' before starting the production server. https://nextjs.org/docs/messages/production-start-no-build-id
    at NextNodeServer.getBuildId (/home/blanc/ReviewSearchVenv/src/whiskey/frontend/node_modules/next/dist/server/next-server.js:198:23)
    at new Server (/home/blanc/ReviewSearchVenv/src/whiskey/frontend/node_modules/next/dist/server/base-server.js:68:29)
    at new NextNodeServer (/home/blanc/ReviewSearchVenv/src/whiskey/frontend/node_modules/next/dist/server/next-server.js:70:9)
    at NextServer.createServer (/home/blanc/ReviewSearchVenv/src/whiskey/frontend/node_modules/next/dist/server/next.js:147:16)
    at async /home/blanc/ReviewSearchVenv/src/whiskey/frontend/node_modules/next/dist/server/next.js:159:31
    at async NextServer.prepare (/home/blanc/ReviewSearchVenv/src/whiskey/frontend/node_modules/next/dist/server/next.js:134:24)
    at async /home/blanc/ReviewSearchVenv/src/whiskey/frontend/node_modules/next/dist/cli/next-start.js:118:9
npm ERR! code ELIFECYCLE
npm ERR! errno 1
npm ERR! next-test@0.1.0 start: `next start`
npm ERR! Exit status 1
npm ERR! 
npm ERR! Failed at the next-test@0.1.0 start script.
npm ERR! This is probably not a problem with npm. There is likely additional logging output above.

npm ERR! A complete log of this run can be found in:
npm ERR!     /home/blanc/.npm/_logs/2023-08-09T11_08_55_831Z-debug.log
yarn run v1.22.19
$ next dev
[32mready[39m - started server on 0.0.0.0:3000, url: http://localhost:3000
[?25h
